<?xml version="1.0" encoding="UTF-8"?>
<testsuite xmlns:xsi="http://www.w3.org/2001/XMLSchema-instance" xsi:noNamespaceSchemaLocation="https://maven.apache.org/surefire/maven-surefire-plugin/xsd/surefire-test-report.xsd" version="3.0.2" name="com.leonardogil.challenge_possumus_tech.ChallengePossumusTechApplicationTests" time="1.529" tests="1" errors="0" skipped="0" failures="0">
  <properties>
[...]
</properties>
  <testcase name="contextLoads" classname="com.leonardogil.challenge_possumus_tech.ChallengePossumusTechApplicationTests" time="0.376">
    <system-out><![CDATA[16:56:26.251 [main] INFO org.springframework.test.context.support.AnnotationConfigContextLoaderUtils -- Could not detect default configuration classes for test class [com.leonardogil.challenge_possumus_tech.ChallengePossumusTechApplicationTests]: ChallengePossumusTechApplicationTests does not declare any static, non-private, non-final, nested classes annotated with @Configuration.
16:56:26.313 [main] INFO org.springframework.boot.test.context.SpringBootTestContextBootstrapper -- Found @SpringBootConfiguration com.leonardogil.challenge_possumus_tech.ChallengePossumusTechApplication for test class com.leonardogil.challenge_possumus_tech.ChallengePossumusTechApplicationTests
16:56:26.414 [main] INFO org.springframework.boot.devtools.restart.RestartApplicationListener -- Restart disabled due to context in which it is running

  .   ____          _            __ _ _
 /\\ / ___'_ __ _ _(_)_ __  __ _ \ \ \ \
( ( )\___ | '_ | '_| | '_ \/ _` | \ \ \ \
 \\/  ___)| |_)| | | | | || (_| |  ) ) ) )
  '  |____| .__|_| |_|_| |_\__, | / / / /
 =========|_|==============|___/=/_/_/_/

 :: Spring Boot ::                (v4.0.0)

2025-11-22T16:56:26.570-03:00  INFO 1932 --- [challenge_possumus_tech] [           main] .c.ChallengePossumusTechApplicationTests : Starting ChallengePossumusTechApplicationTests using Java 21.0.8 with PID 1932 (started by leonardogil in /Users/leonardogil/Desktop/Java/Challenges/challenge_possumus_tech)
2025-11-22T16:56:26.571-03:00  INFO 1932 --- [challenge_possumus_tech] [           main] .c.ChallengePossumusTechApplicationTests : No active profile set, falling back to 1 default profile: "default"
2025-11-22T16:56:27.282-03:00  INFO 1932 --- [challenge_possumus_tech] [           main] .c.ChallengePossumusTechApplicationTests : Started ChallengePossumusTechApplicationTests in 0.875 seconds (process running for 1.637)
2025-11-22T16:56:27.284-03:00  WARN 1932 --- [challenge_possumus_tech] [           main] o.s.core.events.SpringDocAppInitializer  : SpringDoc /v3/api-docs endpoint is enabled by default. To disable it in production, set the property 'springdoc.api-docs.enabled=false'
2025-11-22T16:56:27.284-03:00  WARN 1932 --- [challenge_possumus_tech] [           main] o.s.core.events.SpringDocAppInitializer  : SpringDoc /swagger-ui.html endpoint is enabled by default. To disable it in production, set the property 'springdoc.swagger-ui.enabled=false'
]]></system-out>
    <system-err><![CDATA[Mockito is currently self-attaching to enable the inline-mock-maker. This will no longer work in future releases of the JDK. Please add Mockito as an agent to your build as described in Mockito's documentation: https://javadoc.io/doc/org.mockito/mockito-core/latest/org.mockito/org/mockito/Mockito.html#0.3
WARNING: A Java agent has been loaded dynamically (/Users/leonardogil/.m2/repository/net/bytebuddy/byte-buddy-agent/1.17.8/byte-buddy-agent-1.17.8.jar)
WARNING: If a serviceability tool is in use, please run with -XX:+EnableDynamicAgentLoading to hide this warning
WARNING: If a serviceability tool is not in use, please run with -Djdk.instrument.traceUsage for more information
WARNING: Dynamic loading of agents will be disallowed by default in a future release
]]></system-err>
  </testcase>
</testsuite>